# JRE version: Java(TM) SE Runtime Environment (8.0_45-b14) (build 1.8.0_45-b14)
# Java VM: Java HotSpot(TM) 64-Bit Server VM (25.45-b02 mixed mode windows-amd64 compressed oops)
Heap:
 PSYoungGen      total 65536K, used 56160K [0x00000000eab00000, 0x00000000f2680000, 0x0000000100000000)
  eden space 54272K, 100% used [0x00000000eab00000,0x00000000ee000000,0x00000000ee000000)
  from space 11264K, 16% used [0x00000000ee000000,0x00000000ee1d8030,0x00000000eeb00000)
  to   space 11264K, 23% used [0x00000000f1b80000,0x00000000f1e0c040,0x00000000f2680000)
 ParOldGen       total 56320K, used 7734K [0x00000000c0000000, 0x00000000c3700000, 0x00000000eab00000)
  object space 56320K, 13% used [0x00000000c0000000,0x00000000c078d880,0x00000000c3700000)
 Metaspace       used 20993K, capacity 21342K, committed 21632K, reserved 1069056K
  class space    used 2748K, capacity 2885K, committed 2944K, reserved 1048576K
GC Heap History (10 events):
Event: 8.390 GC heap after
Heap after GC invocations=4 (full 0):
 PSYoungGen      total 38400K, used 5112K [0x00000000eab00000, 0x00000000ef600000, 0x0000000100000000)
  eden space 33280K, 0% used [0x00000000eab00000,0x00000000eab00000,0x00000000ecb80000)
  from space 5120K, 99% used [0x00000000ed080000,0x00000000ed57e130,0x00000000ed580000)
  to   space 5120K, 0% used [0x00000000ecb80000,0x00000000ecb80000,0x00000000ed080000)
 ParOldGen       total 87552K, used 7655K [0x00000000c0000000, 0x00000000c5580000, 0x00000000eab00000)
  object space 87552K, 8% used [0x00000000c0000000,0x00000000c0779c80,0x00000000c5580000)
 Metaspace       used 20738K, capacity 21118K, committed 21296K, reserved 1067008K
  class space    used 2732K, capacity 2853K, committed 2944K, reserved 1048576K
}
Event: 8.390 GC heap before
{Heap before GC invocations=5 (full 1):
 PSYoungGen      total 38400K, used 5112K [0x00000000eab00000, 0x00000000ef600000, 0x0000000100000000)
  eden space 33280K, 0% used [0x00000000eab00000,0x00000000eab00000,0x00000000ecb80000)
  from space 5120K, 99% used [0x00000000ed080000,0x00000000ed57e130,0x00000000ed580000)
  to   space 5120K, 0% used [0x00000000ecb80000,0x00000000ecb80000,0x00000000ed080000)
 ParOldGen       total 87552K, used 7655K [0x00000000c0000000, 0x00000000c5580000, 0x00000000eab00000)
  object space 87552K, 8% used [0x00000000c0000000,0x00000000c0779c80,0x00000000c5580000)
 Metaspace       used 20738K, capacity 21118K, committed 21296K, reserved 1067008K
  class space    used 2732K, capacity 2853K, committed 2944K, reserved 1048576K
Event: 8.447 GC heap after
Heap after GC invocations=5 (full 1):
 PSYoungGen      total 38400K, used 0K [0x00000000eab00000, 0x00000000ef600000, 0x0000000100000000)
  eden space 33280K, 0% used [0x00000000eab00000,0x00000000eab00000,0x00000000ecb80000)
  from space 5120K, 0% used [0x00000000ed080000,0x00000000ed080000,0x00000000ed580000)
  to   space 5120K, 0% used [0x00000000ecb80000,0x00000000ecb80000,0x00000000ed080000)
 ParOldGen       total 56320K, used 7734K [0x00000000c0000000, 0x00000000c3700000, 0x00000000eab00000)
  object space 56320K, 13% used [0x00000000c0000000,0x00000000c078d880,0x00000000c3700000)
 Metaspace       used 20738K, capacity 21118K, committed 21296K, reserved 1067008K
  class space    used 2732K, capacity 2853K, committed 2944K, reserved 1048576K
}
Event: 12.714 GC heap before
{Heap before GC invocations=6 (full 1):
 PSYoungGen      total 38400K, used 33280K [0x00000000eab00000, 0x00000000ef600000, 0x0000000100000000)
  eden space 33280K, 100% used [0x00000000eab00000,0x00000000ecb80000,0x00000000ecb80000)
  from space 5120K, 0% used [0x00000000ed080000,0x00000000ed080000,0x00000000ed580000)
  to   space 5120K, 0% used [0x00000000ecb80000,0x00000000ecb80000,0x00000000ed080000)
 ParOldGen       total 56320K, used 7734K [0x00000000c0000000, 0x00000000c3700000, 0x00000000eab00000)
  object space 56320K, 13% used [0x00000000c0000000,0x00000000c078d880,0x00000000c3700000)
 Metaspace       used 20935K, capacity 21342K, committed 21632K, reserved 1069056K
  class space    used 2747K, capacity 2885K, committed 2944K, reserved 1048576K
Event: 12.729 GC heap after
Heap after GC invocations=6 (full 1):
 PSYoungGen      total 38400K, used 960K [0x00000000eab00000, 0x00000000ef580000, 0x0000000100000000)
  eden space 33280K, 0% used [0x00000000eab00000,0x00000000eab00000,0x00000000ecb80000)
  from space 5120K, 18% used [0x00000000ecb80000,0x00000000ecc70020,0x00000000ed080000)
  to   space 10752K, 0% used [0x00000000eeb00000,0x00000000eeb00000,0x00000000ef580000)
 ParOldGen       total 56320K, used 7734K [0x00000000c0000000, 0x00000000c3700000, 0x00000000eab00000)
  object space 56320K, 13% used [0x00000000c0000000,0x00000000c078d880,0x00000000c3700000)
 Metaspace       used 20935K, capacity 21342K, committed 21632K, reserved 1069056K
  class space    used 2747K, capacity 2885K, committed 2944K, reserved 1048576K
}
Event: 12.943 GC heap before
{Heap before GC invocations=7 (full 1):
 PSYoungGen      total 38400K, used 34240K [0x00000000eab00000, 0x00000000ef580000, 0x0000000100000000)
  eden space 33280K, 100% used [0x00000000eab00000,0x00000000ecb80000,0x00000000ecb80000)
  from space 5120K, 18% used [0x00000000ecb80000,0x00000000ecc70020,0x00000000ed080000)
  to   space 10752K, 0% used [0x00000000eeb00000,0x00000000eeb00000,0x00000000ef580000)
 ParOldGen       total 56320K, used 7734K [0x00000000c0000000, 0x00000000c3700000, 0x00000000eab00000)
  object space 56320K, 13% used [0x00000000c0000000,0x00000000c078d880,0x00000000c3700000)
 Metaspace       used 20974K, capacity 21342K, committed 21632K, reserved 1069056K
  class space    used 2747K, capacity 2885K, committed 2944K, reserved 1048576K
Event: 12.965 GC heap after
Heap after GC invocations=7 (full 1):
 PSYoungGen      total 65024K, used 1376K [0x00000000eab00000, 0x00000000efc80000, 0x0000000100000000)
  eden space 54272K, 0% used [0x00000000eab00000,0x00000000eab00000,0x00000000ee000000)
  from space 10752K, 12% used [0x00000000eeb00000,0x00000000eec58030,0x00000000ef580000)
  to   space 11264K, 0% used [0x00000000ee000000,0x00000000ee000000,0x00000000eeb00000)
 ParOldGen       total 56320K, used 7734K [0x00000000c0000000, 0x00000000c3700000, 0x00000000eab00000)
  object space 56320K, 13% used [0x00000000c0000000,0x00000000c078d880,0x00000000c3700000)
 Metaspace       used 20974K, capacity 21342K, committed 21632K, reserved 1069056K
  class space    used 2747K, capacity 2885K, committed 2944K, reserved 1048576K
}
Event: 13.294 GC heap before
{Heap before GC invocations=8 (full 1):
 PSYoungGen      total 65024K, used 55648K [0x00000000eab00000, 0x00000000efc80000, 0x0000000100000000)
  eden space 54272K, 100% used [0x00000000eab00000,0x00000000ee000000,0x00000000ee000000)
  from space 10752K, 12% used [0x00000000eeb00000,0x00000000eec58030,0x00000000ef580000)
  to   space 11264K, 0% used [0x00000000ee000000,0x00000000ee000000,0x00000000eeb00000)
 ParOldGen       total 56320K, used 7734K [0x00000000c0000000, 0x00000000c3700000, 0x00000000eab00000)
  object space 56320K, 13% used [0x00000000c0000000,0x00000000c078d880,0x00000000c3700000)
 Metaspace       used 20984K, capacity 21342K, committed 21632K, reserved 1069056K
  class space    used 2747K, capacity 2885K, committed 2944K, reserved 1048576K
Event: 13.360 GC heap after
Heap after GC invocations=8 (full 1):
 PSYoungGen      total 65536K, used 1888K [0x00000000eab00000, 0x00000000f2680000, 0x0000000100000000)
  eden space 54272K, 0% used [0x00000000eab00000,0x00000000eab00000,0x00000000ee000000)
  from space 11264K, 16% used [0x00000000ee000000,0x00000000ee1d8030,0x00000000eeb00000)
  to   space 11264K, 0% used [0x00000000f1b80000,0x00000000f1b80000,0x00000000f2680000)
 ParOldGen       total 56320K, used 7734K [0x00000000c0000000, 0x00000000c3700000, 0x00000000eab00000)
  object space 56320K, 13% used [0x00000000c0000000,0x00000000c078d880,0x00000000c3700000)
 Metaspace       used 20984K, capacity 21342K, committed 21632K, reserved 1069056K
  class space    used 2747K, capacity 2885K, committed 2944K, reserved 1048576K
}
Event: 13.765 GC heap before
{Heap before GC invocations=9 (full 1):
 PSYoungGen      total 65536K, used 56160K [0x00000000eab00000, 0x00000000f2680000, 0x0000000100000000)
  eden space 54272K, 100% used [0x00000000eab00000,0x00000000ee000000,0x00000000ee000000)
  from space 11264K, 16% used [0x00000000ee000000,0x00000000ee1d8030,0x00000000eeb00000)
  to   space 11264K, 0% used [0x00000000f1b80000,0x00000000f1b80000,0x00000000f2680000)
 ParOldGen       total 56320K, used 7734K [0x00000000c0000000, 0x00000000c3700000, 0x00000000eab00000)
  object space 56320K, 13% used [0x00000000c0000000,0x00000000c078d880,0x00000000c3700000)
 Metaspace       used 20993K, capacity 21342K, committed 21632K, reserved 1069056K
  class space    used 2748K, capacity 2885K, committed 2944K, reserved 1048576K

